<?xml version="1.0" encoding="UTF-8"?>
<!-- Generated by org.testng.reporters.JUnitReportReporter -->
<testsuite hostname="abhaysharmaji" failures="0" tests="1" name="calc_test.calc_maintest" time="25.344" errors="0" timestamp="2022-07-31T00:39:21 IST" skipped="0">
  <testcase classname="calc_test.calc_maintest" name="calculator_actions" time="25.344"/>
</testsuite> <!-- calc_test.calc_maintest -->
