<?xml version="1.0" encoding="UTF-8"?>
<!-- Generated by org.testng.reporters.JUnitReportReporter -->
<testsuite hostname="abhaysharmaji" failures="0" tests="1" name="calc_test.calc_maintest" time="18.427" errors="0" timestamp="2022-07-28T13:30:37 IST" skipped="0">
  <testcase classname="calc_test.calc_maintest" name="calculator_actions" time="18.427"/>
</testsuite> <!-- calc_test.calc_maintest -->
